2022-09-26 10:52:41,799 [INFO] Activator:177 - 


2022-09-26 10:52:41,801 [INFO] Activator:178 - !SESSION log4j initialized
2022-09-26 10:52:56,704 [INFO] McuFinderGlobals:39 - Set McuFinder mode to 2 (CubeIDE integrated)
2022-09-26 10:52:57,195 [INFO] ApplicationProperties:181 - Using Application install path: C:\ST\STM32CubeIDE_1.7.0\STM32CubeIDE\plugins\com.st.stm32cube.common.mx_6.3.0.202107141111
2022-09-26 10:52:57,210 [INFO] DbMcusXml:74 - Set database path to: C:\ST\STM32CubeIDE_1.7.0\STM32CubeIDE\plugins\com.st.stm32cube.common.mx_6.3.0.202107141111\\db\/mcu/
2022-09-26 10:52:57,216 [INFO] DbBoardsPdsc:56 - Set plugin database path to: C:\ST\STM32CubeIDE_1.7.0\STM32CubeIDE\plugins\com.st.stm32cube.common.mx_6.3.0.202107141111\\db\/plugins/boardmanager/
2022-09-26 10:52:57,216 [INFO] DbMcus:258 - Set plugin images path to: C:\ST\STM32CubeIDE_1.7.0\STM32CubeIDE\plugins\com.st.stm32cube.common.mx_6.3.0.202107141111\\db\/plugins/mcufinder/images/
2022-09-26 10:52:57,217 [INFO] DbBoards:264 - Set plugin images path to: C:\ST\STM32CubeIDE_1.7.0\STM32CubeIDE\plugins\com.st.stm32cube.common.mx_6.3.0.202107141111\\db\/plugins/mcufinder/images/
2022-09-26 10:52:57,221 [INFO] DbExamples:333 - Set plugin images path to: C:\ST\STM32CubeIDE_1.7.0\STM32CubeIDE\plugins\com.st.stm32cube.common.mx_6.3.0.202107141111\\db\/plugins/mcufinder/images/
2022-09-26 10:52:57,234 [INFO] DbMcusAds:119 - Set database path to: C:\Users\HP\.stmcufinder\plugins\mcufinder//mcu/
2022-09-26 10:52:57,235 [INFO] DbMcusDocs:110 - Set database path to: C:\Users\HP\.stmcufinder\plugins\mcufinder//mcu/
2022-09-26 10:52:57,238 [INFO] DbMcusJson:64 - Set database path to: C:\Users\HP\.stmcufinder\plugins\mcufinder//mcu/
2022-09-26 10:52:57,238 [INFO] DbBoardsDocs:110 - Set database path to: C:\Users\HP\.stmcufinder\plugins\mcufinder//mcu/
2022-09-26 10:52:57,240 [INFO] DbBoardsJson:57 - Set database path to: C:\Users\HP\.stmcufinder\plugins\mcufinder//mcu/
2022-09-26 10:52:57,264 [INFO] CrossReferenceDbSqlite:196 - Set database path to: C:\Users\HP\.stmcufinder\plugins\mcufinder//mcu/cs/
2022-09-26 10:52:57,268 [INFO] DbExamplesSqlite:767 - Set database path to: C:\Users\HP\.stmcufinder\plugins\mcufinder//mcu/
2022-09-26 10:52:57,410 [INFO] RulesReader:57 - Compatibility file has been processed (242 Rules)
2022-09-26 10:52:57,544 [INFO] DbMcusXml:74 - Set database path to: C:\ST\STM32CubeIDE_1.7.0\STM32CubeIDE\plugins\com.st.stm32cube.common.mx_6.3.0.202107141111\\db\/mcu/
2022-09-26 10:52:57,546 [INFO] DbBoardsPdsc:56 - Set plugin database path to: C:\ST\STM32CubeIDE_1.7.0\STM32CubeIDE\plugins\com.st.stm32cube.common.mx_6.3.0.202107141111\\db\/plugins/boardmanager/
2022-09-26 10:52:57,546 [INFO] DbMcus:258 - Set plugin images path to: C:\ST\STM32CubeIDE_1.7.0\STM32CubeIDE\plugins\com.st.stm32cube.common.mx_6.3.0.202107141111\\db\/plugins/mcufinder/images/
2022-09-26 10:52:57,546 [INFO] DbBoards:264 - Set plugin images path to: C:\ST\STM32CubeIDE_1.7.0\STM32CubeIDE\plugins\com.st.stm32cube.common.mx_6.3.0.202107141111\\db\/plugins/mcufinder/images/
2022-09-26 10:52:57,546 [INFO] DbExamples:333 - Set plugin images path to: C:\ST\STM32CubeIDE_1.7.0\STM32CubeIDE\plugins\com.st.stm32cube.common.mx_6.3.0.202107141111\\db\/plugins/mcufinder/images/
2022-09-26 10:52:57,546 [WARN] DbFile:35 - Overriding database path with different value: C:\Users\HP\.stmcufinder\plugins\mcufinder/ => C:\Users\HP\.stmcufinder\plugins\mcufinder
2022-09-26 10:52:57,547 [INFO] DbMcusAds:119 - Set database path to: C:\Users\HP\.stmcufinder\plugins\mcufinder//mcu/
2022-09-26 10:52:57,547 [WARN] DbFile:35 - Overriding database path with different value: C:\Users\HP\.stmcufinder\plugins\mcufinder/ => C:\Users\HP\.stmcufinder\plugins\mcufinder
2022-09-26 10:52:57,547 [INFO] DbMcusDocs:110 - Set database path to: C:\Users\HP\.stmcufinder\plugins\mcufinder//mcu/
2022-09-26 10:52:57,547 [WARN] DbFile:35 - Overriding database path with different value: C:\Users\HP\.stmcufinder\plugins\mcufinder/ => C:\Users\HP\.stmcufinder\plugins\mcufinder
2022-09-26 10:52:57,548 [INFO] DbMcusJson:64 - Set database path to: C:\Users\HP\.stmcufinder\plugins\mcufinder//mcu/
2022-09-26 10:52:57,548 [WARN] DbFile:35 - Overriding database path with different value: C:\Users\HP\.stmcufinder\plugins\mcufinder/ => C:\Users\HP\.stmcufinder\plugins\mcufinder
2022-09-26 10:52:57,548 [INFO] DbBoardsDocs:110 - Set database path to: C:\Users\HP\.stmcufinder\plugins\mcufinder//mcu/
2022-09-26 10:52:57,548 [WARN] DbFile:35 - Overriding database path with different value: C:\Users\HP\.stmcufinder\plugins\mcufinder/ => C:\Users\HP\.stmcufinder\plugins\mcufinder
2022-09-26 10:52:57,548 [INFO] DbBoardsJson:57 - Set database path to: C:\Users\HP\.stmcufinder\plugins\mcufinder//mcu/
2022-09-26 10:52:57,548 [WARN] DbFile:35 - Overriding database path with different value: C:\Users\HP\.stmcufinder\plugins\mcufinder/ => C:\Users\HP\.stmcufinder\plugins\mcufinder
2022-09-26 10:52:57,548 [WARN] DbFile:35 - Overriding database path with different value: C:\Users\HP\.stmcufinder\plugins\mcufinder/ => C:\Users\HP\.stmcufinder\plugins\mcufinder
2022-09-26 10:52:57,548 [INFO] CrossReferenceDbSqlite:196 - Set database path to: C:\Users\HP\.stmcufinder\plugins\mcufinder//mcu/cs/
2022-09-26 10:52:57,548 [WARN] DbFile:35 - Overriding database path with different value: C:\Users\HP\.stmcufinder\plugins\mcufinder/ => C:\Users\HP\.stmcufinder\plugins\mcufinder
2022-09-26 10:52:57,548 [INFO] DbExamplesSqlite:767 - Set database path to: C:\Users\HP\.stmcufinder\plugins\mcufinder//mcu/
2022-09-26 10:52:57,643 [INFO] MainPanel:214 - HeapMemory: 268435456
2022-09-26 10:52:57,764 [INFO] DbMcusXml:74 - Set database path to: C:\ST\STM32CubeIDE_1.7.0\STM32CubeIDE\plugins\com.st.stm32cube.common.mx_6.3.0.202107141111\\db\/mcu/
2022-09-26 10:52:57,765 [INFO] DbBoardsPdsc:56 - Set plugin database path to: C:\ST\STM32CubeIDE_1.7.0\STM32CubeIDE\plugins\com.st.stm32cube.common.mx_6.3.0.202107141111\\db\/plugins/boardmanager/
2022-09-26 10:52:57,765 [INFO] DbMcus:258 - Set plugin images path to: C:\ST\STM32CubeIDE_1.7.0\STM32CubeIDE\plugins\com.st.stm32cube.common.mx_6.3.0.202107141111\\db\/plugins/mcufinder/images/
2022-09-26 10:52:57,765 [INFO] DbBoards:264 - Set plugin images path to: C:\ST\STM32CubeIDE_1.7.0\STM32CubeIDE\plugins\com.st.stm32cube.common.mx_6.3.0.202107141111\\db\/plugins/mcufinder/images/
2022-09-26 10:52:57,765 [INFO] DbExamples:333 - Set plugin images path to: C:\ST\STM32CubeIDE_1.7.0\STM32CubeIDE\plugins\com.st.stm32cube.common.mx_6.3.0.202107141111\\db\/plugins/mcufinder/images/
2022-09-26 10:52:57,766 [WARN] DbFile:35 - Overriding database path with different value: C:\Users\HP\.stmcufinder\plugins\mcufinder/ => C:\Users\HP\.stmcufinder\plugins\mcufinder
2022-09-26 10:52:57,766 [INFO] DbMcusAds:119 - Set database path to: C:\Users\HP\.stmcufinder\plugins\mcufinder//mcu/
2022-09-26 10:52:57,766 [WARN] DbFile:35 - Overriding database path with different value: C:\Users\HP\.stmcufinder\plugins\mcufinder/ => C:\Users\HP\.stmcufinder\plugins\mcufinder
2022-09-26 10:52:57,767 [INFO] DbMcusDocs:110 - Set database path to: C:\Users\HP\.stmcufinder\plugins\mcufinder//mcu/
2022-09-26 10:52:57,767 [WARN] DbFile:35 - Overriding database path with different value: C:\Users\HP\.stmcufinder\plugins\mcufinder/ => C:\Users\HP\.stmcufinder\plugins\mcufinder
2022-09-26 10:52:57,767 [INFO] DbMcusJson:64 - Set database path to: C:\Users\HP\.stmcufinder\plugins\mcufinder//mcu/
2022-09-26 10:52:57,767 [WARN] DbFile:35 - Overriding database path with different value: C:\Users\HP\.stmcufinder\plugins\mcufinder/ => C:\Users\HP\.stmcufinder\plugins\mcufinder
2022-09-26 10:52:57,767 [INFO] DbBoardsDocs:110 - Set database path to: C:\Users\HP\.stmcufinder\plugins\mcufinder//mcu/
2022-09-26 10:52:57,767 [WARN] DbFile:35 - Overriding database path with different value: C:\Users\HP\.stmcufinder\plugins\mcufinder/ => C:\Users\HP\.stmcufinder\plugins\mcufinder
2022-09-26 10:52:57,767 [INFO] DbBoardsJson:57 - Set database path to: C:\Users\HP\.stmcufinder\plugins\mcufinder//mcu/
2022-09-26 10:52:57,767 [WARN] DbFile:35 - Overriding database path with different value: C:\Users\HP\.stmcufinder\plugins\mcufinder/ => C:\Users\HP\.stmcufinder\plugins\mcufinder
2022-09-26 10:52:57,768 [WARN] DbFile:35 - Overriding database path with different value: C:\Users\HP\.stmcufinder\plugins\mcufinder/ => C:\Users\HP\.stmcufinder\plugins\mcufinder
2022-09-26 10:52:57,768 [INFO] CrossReferenceDbSqlite:196 - Set database path to: C:\Users\HP\.stmcufinder\plugins\mcufinder//mcu/cs/
2022-09-26 10:52:57,768 [WARN] DbFile:35 - Overriding database path with different value: C:\Users\HP\.stmcufinder\plugins\mcufinder/ => C:\Users\HP\.stmcufinder\plugins\mcufinder
2022-09-26 10:52:57,768 [INFO] DbExamplesSqlite:767 - Set database path to: C:\Users\HP\.stmcufinder\plugins\mcufinder//mcu/
2022-09-26 10:52:57,794 [INFO] ApplicationProperties:181 - Using Application install path: C:\ST\STM32CubeIDE_1.7.0\STM32CubeIDE\plugins\com.st.stm32cube.common.mx_6.3.0.202107141111
2022-09-26 10:52:57,795 [INFO] PluginManage:188 - Search for loadable plugins [exclusion list=, ]
2022-09-26 10:52:57,798 [INFO] PluginManage:302 - Check plugin analytics
2022-09-26 10:53:02,986 [INFO] AnalyticsPlugin:257 - Accepted Software Licenses: 
2022-09-26 10:53:02,987 [INFO] AnalyticsPlugin:259 - Accepted CMSIS Pack Licenses: 
2022-09-26 10:53:02,988 [INFO] AnalyticsPlugin:261 - Accepted Firmware Licenses: 
2022-09-26 10:53:02,989 [INFO] PluginManage:352 - Loaded plugin analytics (category:tool,tabindex:-1)
2022-09-26 10:53:02,989 [INFO] PluginManage:302 - Check plugin clock
2022-09-26 10:53:03,029 [INFO] PluginManage:352 - Loaded plugin clock (category:base,tabindex:2)
2022-09-26 10:53:03,029 [INFO] PluginManage:302 - Check plugin ddr
2022-09-26 10:53:03,034 [INFO] PluginManage:352 - Loaded plugin ddr (category:tool,tabindex:6)
2022-09-26 10:53:03,034 [INFO] PluginManage:302 - Check plugin filemanager
2022-09-26 10:53:03,273 [INFO] PluginManage:352 - Loaded plugin filemanager (category:base,tabindex:10)
2022-09-26 10:53:03,273 [INFO] PluginManage:302 - Check plugin ipmanager
2022-09-26 10:53:03,286 [INFO] PluginManage:352 - Loaded plugin ipmanager (category:base,tabindex:5)
2022-09-26 10:53:03,286 [INFO] PluginManage:302 - Check plugin pinoutandconfiguration
2022-09-26 10:53:03,314 [INFO] PluginManage:352 - Loaded plugin pinoutandconfiguration (category:base,tabindex:1)
2022-09-26 10:53:03,314 [INFO] PluginManage:302 - Check plugin pinoutconfig
2022-09-26 10:53:03,368 [INFO] PluginManage:352 - Loaded plugin pinoutconfig (category:base,tabindex:0)
2022-09-26 10:53:03,368 [INFO] PluginManage:302 - Check plugin power
2022-09-26 10:53:03,396 [INFO] PluginManage:352 - Loaded plugin power (category:power,tabindex:4)
2022-09-26 10:53:03,396 [INFO] PluginManage:302 - Check plugin projectmanager
2022-09-26 10:53:03,421 [INFO] PluginManage:352 - Loaded plugin projectmanager (category:projectmanager,tabindex:3)
2022-09-26 10:53:03,421 [INFO] PluginManage:302 - Check plugin thirdparty
2022-09-26 10:53:03,889 [WARN] IntegrityCheckThread:78 - waiting for thirdparty lock release [integrity check]
2022-09-26 10:53:03,889 [INFO] PluginManage:352 - Loaded plugin thirdparty (category:base,tabindex:-1)
2022-09-26 10:53:03,890 [INFO] IntegrityCheckThread:80 - entering critical section [integrity check]
2022-09-26 10:53:03,890 [INFO] PluginManage:302 - Check plugin tools
2022-09-26 10:53:03,891 [INFO] ThirdPartyUpdaterWithRetryManager:66 - Updater plugin not ready yet. [1/15]
2022-09-26 10:53:03,963 [INFO] PluginManage:352 - Loaded plugin tools (category:base,tabindex:7)
2022-09-26 10:53:03,964 [INFO] PluginManage:302 - Check plugin tutovideos
2022-09-26 10:53:04,379 [INFO] PluginManage:352 - Loaded plugin tutovideos (category:base,tabindex:-1)
2022-09-26 10:53:04,379 [INFO] PluginManage:302 - Check plugin updater
2022-09-26 10:53:04,397 [INFO] PluginManage:352 - Loaded plugin updater (category:base,tabindex:12)
2022-09-26 10:53:04,398 [INFO] PluginManage:275 - PluginManage : Loaded plugins [13]
2022-09-26 10:53:04,704 [INFO] PinOutPanel:1463 - setPackage(No Configuration,No Configuration)
2022-09-26 10:53:04,886 [INFO] IPUIPlugin:74 - create IPUIPlugin
2022-09-26 10:53:04,886 [INFO] PluginManager:213 - loadIPPluginJar : add adc
2022-09-26 10:53:04,954 [INFO] IPUIPlugin:74 - create IPUIPlugin
2022-09-26 10:53:04,954 [INFO] PluginManager:213 - loadIPPluginJar : add aes
2022-09-26 10:53:05,015 [INFO] IPUIPlugin:74 - create IPUIPlugin
2022-09-26 10:53:05,015 [INFO] PluginManager:213 - loadIPPluginJar : add can
2022-09-26 10:53:05,047 [INFO] IPUIPlugin:74 - create IPUIPlugin
2022-09-26 10:53:05,047 [INFO] PluginManager:213 - loadIPPluginJar : add comp
2022-09-26 10:53:05,090 [INFO] IPUIPlugin:74 - create IPUIPlugin
2022-09-26 10:53:05,090 [INFO] PluginManager:213 - loadIPPluginJar : add cryp
2022-09-26 10:53:05,130 [INFO] IPUIPlugin:74 - create IPUIPlugin
2022-09-26 10:53:05,130 [INFO] PluginManager:213 - loadIPPluginJar : add dfsdm
2022-09-26 10:53:05,147 [INFO] IPUIPlugin:74 - create IPUIPlugin
2022-09-26 10:53:05,148 [INFO] PluginManager:213 - loadIPPluginJar : add dma
2022-09-26 10:53:05,202 [INFO] IPUIPlugin:74 - create IPUIPlugin
2022-09-26 10:53:05,202 [INFO] PluginManager:213 - loadIPPluginJar : add dma3
2022-09-26 10:53:05,232 [INFO] IPUIPlugin:74 - create IPUIPlugin
2022-09-26 10:53:05,232 [INFO] PluginManager:213 - loadIPPluginJar : add fatfs
2022-09-26 10:53:05,295 [INFO] IPUIPlugin:74 - create IPUIPlugin
2022-09-26 10:53:05,295 [INFO] PluginManager:213 - loadIPPluginJar : add fmc
2022-09-26 10:53:05,312 [INFO] IPUIPlugin:74 - create IPUIPlugin
2022-09-26 10:53:05,312 [INFO] PluginManager:213 - loadIPPluginJar : add freertos
2022-09-26 10:53:05,342 [INFO] IPUIPlugin:74 - create IPUIPlugin
2022-09-26 10:53:05,342 [INFO] PluginManager:213 - loadIPPluginJar : add genericplugin
2022-09-26 10:53:05,448 [INFO] IPUIPlugin:74 - create IPUIPlugin
2022-09-26 10:53:05,448 [INFO] PluginManager:213 - loadIPPluginJar : add gfxmmu
2022-09-26 10:53:05,633 [INFO] IPUIPlugin:74 - create IPUIPlugin
2022-09-26 10:53:05,634 [INFO] PluginManager:213 - loadIPPluginJar : add gic
2022-09-26 10:53:05,652 [INFO] IPUIPlugin:74 - create IPUIPlugin
2022-09-26 10:53:05,653 [INFO] PluginManager:213 - loadIPPluginJar : add gpio
2022-09-26 10:53:05,741 [INFO] IPUIPlugin:74 - create IPUIPlugin
2022-09-26 10:53:05,742 [INFO] PluginManager:213 - loadIPPluginJar : add gtzc
2022-09-26 10:53:05,781 [INFO] IPUIPlugin:74 - create IPUIPlugin
2022-09-26 10:53:05,782 [INFO] PluginManager:213 - loadIPPluginJar : add hash
2022-09-26 10:53:05,842 [INFO] IPUIPlugin:74 - create IPUIPlugin
2022-09-26 10:53:05,843 [INFO] PluginManager:213 - loadIPPluginJar : add i2c
2022-09-26 10:53:05,891 [INFO] IPUIPlugin:74 - create IPUIPlugin
2022-09-26 10:53:05,891 [INFO] PluginManager:213 - loadIPPluginJar : add i2s
2022-09-26 10:53:05,903 [INFO] IPUIPlugin:74 - create IPUIPlugin
2022-09-26 10:53:05,903 [INFO] PluginManager:213 - loadIPPluginJar : add ipddr
2022-09-26 10:53:05,998 [INFO] IPUIPlugin:74 - create IPUIPlugin
2022-09-26 10:53:05,998 [INFO] PluginManager:213 - loadIPPluginJar : add linkedlist
2022-09-26 10:53:06,042 [INFO] IPUIPlugin:74 - create IPUIPlugin
2022-09-26 10:53:06,042 [INFO] PluginManager:213 - loadIPPluginJar : add lorawan
2022-09-26 10:53:06,087 [INFO] IPUIPlugin:74 - create IPUIPlugin
2022-09-26 10:53:06,087 [INFO] PluginManager:213 - loadIPPluginJar : add ltdc
2022-09-26 10:53:06,100 [INFO] IPUIPlugin:74 - create IPUIPlugin
2022-09-26 10:53:06,101 [INFO] PluginManager:213 - loadIPPluginJar : add mdma
2022-09-26 10:53:06,115 [INFO] IPUIPlugin:74 - create IPUIPlugin
2022-09-26 10:53:06,115 [INFO] PluginManager:213 - loadIPPluginJar : add nvic
2022-09-26 10:53:06,159 [INFO] IPUIPlugin:74 - create IPUIPlugin
2022-09-26 10:53:06,159 [INFO] PluginManager:213 - loadIPPluginJar : add opamp
2022-09-26 10:53:06,232 [INFO] IPUIPlugin:74 - create IPUIPlugin
2022-09-26 10:53:06,233 [INFO] PluginManager:213 - loadIPPluginJar : add openamp
2022-09-26 10:53:06,283 [INFO] IPUIPlugin:74 - create IPUIPlugin
2022-09-26 10:53:06,284 [INFO] PluginManager:213 - loadIPPluginJar : add pdm2pcm
2022-09-26 10:53:06,305 [INFO] IPUIPlugin:74 - create IPUIPlugin
2022-09-26 10:53:06,310 [INFO] PluginManager:213 - loadIPPluginJar : add plateformsettings
2022-09-26 10:53:06,345 [INFO] IPUIPlugin:74 - create IPUIPlugin
2022-09-26 10:53:06,346 [INFO] PluginManager:213 - loadIPPluginJar : add quadspi
2022-09-26 10:53:06,361 [INFO] IPUIPlugin:74 - create IPUIPlugin
2022-09-26 10:53:06,361 [INFO] PluginManager:213 - loadIPPluginJar : add resmgrutility
2022-09-26 10:53:06,445 [INFO] IPUIPlugin:74 - create IPUIPlugin
2022-09-26 10:53:06,445 [INFO] PluginManager:213 - loadIPPluginJar : add sai
2022-09-26 10:53:06,499 [INFO] IPUIPlugin:74 - create IPUIPlugin
2022-09-26 10:53:06,499 [INFO] PluginManager:213 - loadIPPluginJar : add spi
2022-09-26 10:53:06,560 [INFO] IPUIPlugin:74 - create IPUIPlugin
2022-09-26 10:53:06,560 [INFO] PluginManager:213 - loadIPPluginJar : add stm32_wpan
2022-09-26 10:53:06,589 [INFO] IPUIPlugin:74 - create IPUIPlugin
2022-09-26 10:53:06,590 [INFO] PluginManager:213 - loadIPPluginJar : add tim
2022-09-26 10:53:06,680 [INFO] IPUIPlugin:74 - create IPUIPlugin
2022-09-26 10:53:06,680 [INFO] PluginManager:213 - loadIPPluginJar : add touchsensing
2022-09-26 10:53:06,725 [INFO] IPUIPlugin:74 - create IPUIPlugin
2022-09-26 10:53:06,725 [INFO] PluginManager:213 - loadIPPluginJar : add tracer_emb
2022-09-26 10:53:06,769 [INFO] IPUIPlugin:74 - create IPUIPlugin
2022-09-26 10:53:06,769 [INFO] PluginManager:213 - loadIPPluginJar : add ts
2022-09-26 10:53:06,805 [INFO] IPUIPlugin:74 - create IPUIPlugin
2022-09-26 10:53:06,805 [INFO] PluginManager:213 - loadIPPluginJar : add tsc
2022-09-26 10:53:06,835 [INFO] IPUIPlugin:74 - create IPUIPlugin
2022-09-26 10:53:06,835 [INFO] PluginManager:213 - loadIPPluginJar : add ucpd
2022-09-26 10:53:06,893 [INFO] ThirdPartyUpdaterWithRetryManager:66 - Updater plugin not ready yet. [2/15]
2022-09-26 10:53:06,894 [INFO] IPUIPlugin:74 - create IPUIPlugin
2022-09-26 10:53:06,895 [INFO] PluginManager:213 - loadIPPluginJar : add usart
2022-09-26 10:53:06,954 [INFO] IPUIPlugin:74 - create IPUIPlugin
2022-09-26 10:53:06,954 [INFO] PluginManager:213 - loadIPPluginJar : add usbx
2022-09-26 10:53:07,432 [FATAL] Updater:294 - Updater called before beeing initialized
2022-09-26 10:53:07,609 [FATAL] Updater:294 - Updater called before beeing initialized
2022-09-26 10:53:07,617 [INFO] DbMcusAds:47 - JSON generation date=Thu Sep 30 13:55:09 ICT 2021 (1632984909247)
2022-09-26 10:53:07,618 [FATAL] Updater:294 - Updater called before beeing initialized
2022-09-26 10:53:07,667 [WARN] DetailPanel:314 - Failed to get advertising image, set to default
2022-09-26 10:53:07,780 [FATAL] Updater:294 - Updater called before beeing initialized
2022-09-26 10:53:07,784 [FATAL] Updater:294 - Updater called before beeing initialized
2022-09-26 10:53:07,785 [FATAL] Updater:294 - Updater called before beeing initialized
2022-09-26 10:53:07,785 [WARN] DetailPanel:314 - Failed to get advertising image, set to default
2022-09-26 10:53:07,787 [FATAL] Updater:294 - Updater called before beeing initialized
2022-09-26 10:53:07,879 [ERROR] Updater:1075 - MainUpdater not yet initialized. External WinMGr cannot be set.
2022-09-26 10:53:07,893 [INFO] Updater:1012 - Updater Version found : 6.3.0
2022-09-26 10:53:07,927 [INFO] ApplicationProperties:181 - Using Application install path: C:\ST\STM32CubeIDE_1.7.0\STM32CubeIDE\plugins\com.st.stm32cube.common.mx_6.3.0.202107141111
2022-09-26 10:53:08,858 [INFO] MainUpdater:2671 - connection check result : 10
2022-09-26 10:53:08,859 [INFO] MainUpdater:3359 - Updater definition file requires update
2022-09-26 10:53:08,861 [INFO] MainUpdater:265 - Updater Check For Update Now.
2022-09-26 10:53:08,861 [INFO] MicroXplorer:478 - Change Database Version : DB.6.0.30
2022-09-26 10:53:09,904 [WARN] MainUpdater:1122 - Updater busy. Cannot search thirdparties
2022-09-26 10:53:09,904 [INFO] ThirdPartyUpdaterWithRetryManager:92 - Updater plugin is busy. [1/15]
2022-09-26 10:53:09,990 [INFO] ServerAccessManage:362 - Download File updaters.zip
2022-09-26 10:53:10,972 [INFO] FileExtend:235 - Unzip File : updaters.zip
2022-09-26 10:53:10,973 [INFO] FileExtend:250 - Standard Zip Deflate
2022-09-26 10:53:12,119 [INFO] ServerAccessManage:362 - Download File PacksControlFlags.xml
2022-09-26 10:53:12,601 [INFO] ServerAccessManage:362 - Download File cubemx.pidx
2022-09-26 10:53:12,878 [INFO] LoadServerUpdatesThread:339 - End of LoadServerUpdate Thread
2022-09-26 10:53:12,914 [WARN] MainUpdater:1122 - Updater busy. Cannot search thirdparties
2022-09-26 10:53:12,914 [INFO] ThirdPartyUpdaterWithRetryManager:92 - Updater plugin is busy. [2/15]
2022-09-26 10:53:13,148 [INFO] CheckServerUpdateThread:112 - End of CheckServer Thread
2022-09-26 10:53:13,204 [INFO] MainUpdater:2671 - connection check result : 10
2022-09-26 10:53:13,337 [INFO] McuFinderGlobals:52 - Set McuFinderConnectedMode to true
2022-09-26 10:53:13,554 [INFO] ServerAccessManage:362 - Download File mcusAds.json._tmp_
2022-09-26 10:53:13,682 [INFO] LoadUrlFilesThread:145 - End of LoadUrlFiles Thread
2022-09-26 10:53:15,207 [INFO] ServerAccessManage:362 - Download File mcusDocs.json._tmp_
2022-09-26 10:53:15,916 [WARN] MainUpdater:1122 - Updater busy. Cannot search thirdparties
2022-09-26 10:53:15,916 [INFO] ThirdPartyUpdaterWithRetryManager:92 - Updater plugin is busy. [3/15]
2022-09-26 10:53:16,174 [INFO] LoadUrlFilesThread:145 - End of LoadUrlFiles Thread
2022-09-26 10:53:16,638 [INFO] ServerAccessManage:362 - Download File mcusFeaturesAndDescription.json._tmp_
2022-09-26 10:53:18,916 [WARN] MainUpdater:1122 - Updater busy. Cannot search thirdparties
2022-09-26 10:53:18,916 [INFO] ThirdPartyUpdaterWithRetryManager:92 - Updater plugin is busy. [4/15]
2022-09-26 10:53:19,108 [INFO] LoadUrlFilesThread:145 - End of LoadUrlFiles Thread
2022-09-26 10:53:19,828 [INFO] ServerAccessManage:362 - Download File boardsDocs.json._tmp_
2022-09-26 10:53:19,956 [INFO] LoadUrlFilesThread:145 - End of LoadUrlFiles Thread
2022-09-26 10:53:20,174 [INFO] ServerAccessManage:362 - Download File boards.json._tmp_
2022-09-26 10:53:20,454 [INFO] LoadUrlFilesThread:145 - End of LoadUrlFiles Thread
2022-09-26 10:53:20,738 [INFO] ServerAccessManage:362 - Download File cube-finder-db.zip
2022-09-26 10:53:21,917 [WARN] MainUpdater:1122 - Updater busy. Cannot search thirdparties
2022-09-26 10:53:21,917 [INFO] ThirdPartyUpdaterWithRetryManager:92 - Updater plugin is busy. [5/15]
2022-09-26 10:53:24,924 [WARN] MainUpdater:1122 - Updater busy. Cannot search thirdparties
2022-09-26 10:53:24,924 [INFO] ThirdPartyUpdaterWithRetryManager:92 - Updater plugin is busy. [6/15]
2022-09-26 10:53:27,754 [INFO] FileExtend:235 - Unzip File : cube-finder-db.zip
2022-09-26 10:53:27,755 [INFO] FileExtend:250 - Standard Zip Deflate
2022-09-26 10:53:27,931 [WARN] MainUpdater:1122 - Updater busy. Cannot search thirdparties
2022-09-26 10:53:27,931 [INFO] ThirdPartyUpdaterWithRetryManager:92 - Updater plugin is busy. [7/15]
2022-09-26 10:53:29,142 [INFO] LoadUrlFilesThread:145 - End of LoadUrlFiles Thread
2022-09-26 10:53:30,468 [INFO] ServerAccessManage:362 - Download File crdb.zip
2022-09-26 10:53:30,938 [WARN] MainUpdater:1122 - Updater busy. Cannot search thirdparties
2022-09-26 10:53:30,938 [INFO] ThirdPartyUpdaterWithRetryManager:92 - Updater plugin is busy. [8/15]
2022-09-26 10:53:33,034 [INFO] FileExtend:235 - Unzip File : crdb.zip
2022-09-26 10:53:33,035 [INFO] FileExtend:250 - Standard Zip Deflate
2022-09-26 10:53:33,188 [INFO] LoadUrlFilesThread:145 - End of LoadUrlFiles Thread
2022-09-26 10:53:33,637 [INFO] ServerAccessManage:362 - Download File tutoVideoDB.zip
2022-09-26 10:53:33,768 [INFO] FileExtend:235 - Unzip File : tutoVideoDB.zip
2022-09-26 10:53:33,768 [INFO] FileExtend:250 - Standard Zip Deflate
2022-09-26 10:53:33,901 [INFO] LoadUrlFilesThread:145 - End of LoadUrlFiles Thread
2022-09-26 10:53:33,905 [INFO] DbMcusAds:47 - JSON generation date=Thu Sep 30 13:55:09 ICT 2021 (1632984909247)
2022-09-26 10:53:33,932 [INFO] DbMcusDocs:143 - JSON generation date=Tue Nov 16 23:17:54 ICT 2021 (1637079474)
2022-09-26 10:53:33,935 [INFO] DbMcusXml:100 - Load MCU database from C:\ST\STM32CubeIDE_1.7.0\STM32CubeIDE\plugins\com.st.stm32cube.common.mx_6.3.0.202107141111\\db\/mcu/families.xml
2022-09-26 10:53:34,317 [WARN] PackLoader:238 - Cannot read IP mode file for STMicroelectronics.X-CUBE-GNSS1.6.0.0
2022-09-26 10:53:34,454 [WARN] PackLoader:238 - Cannot read IP mode file for STMicroelectronics.X-CUBE-AZRTOS-F4.1.1.0
2022-09-26 10:53:34,576 [WARN] PackLoader:238 - Cannot read IP mode file for STMicroelectronics.X-CUBE-AZRTOS-F7.1.1.0
2022-09-26 10:53:34,631 [WARN] PackLoader:238 - Cannot read IP mode file for STMicroelectronics.X-CUBE-BLE1.6.2.3
2022-09-26 10:53:34,651 [WARN] PackLoader:238 - Cannot read IP mode file for STMicroelectronics.X-CUBE-NFC4.2.0.4
2022-09-26 10:53:34,689 [WARN] PackLoader:238 - Cannot read IP mode file for STMicroelectronics.X-CUBE-TOF1.3.1.0
2022-09-26 10:53:34,719 [WARN] PackLoader:238 - Cannot read IP mode file for wolfSSL.I-CUBE-wolfSSL.5.5.0
2022-09-26 10:53:34,744 [WARN] PackLoader:238 - Cannot read IP mode file for STMicroelectronics.X-CUBE-NFC7.1.0.0
2022-09-26 10:53:34,877 [WARN] PackLoader:238 - Cannot read IP mode file for STMicroelectronics.X-CUBE-MEMS1.9.3.0
2022-09-26 10:53:35,669 [WARN] PackLoader:238 - Cannot read IP mode file for STMicroelectronics.X-CUBE-AI.7.2.0
2022-09-26 10:53:35,704 [WARN] PackLoader:238 - Cannot read IP mode file for STMicroelectronics.X-CUBE-SFXS2LP1.4.0.0
2022-09-26 10:53:35,730 [WARN] PackLoader:238 - Cannot read IP mode file for STMicroelectronics.X-CUBE-BLE2.3.3.0
2022-09-26 10:53:35,768 [WARN] PackLoader:238 - Cannot read IP mode file for STMicroelectronics.X-CUBE-DISPLAY.2.2.0
2022-09-26 10:53:35,779 [INFO] DbMcusJson:93 - JSON generation date=Tue Nov 16 23:17:54 ICT 2021 (1637079474)
2022-09-26 10:53:35,796 [WARN] PackLoader:238 - Cannot read IP mode file for STMicroelectronics.X-CUBE-ISPU.1.0.0
2022-09-26 10:53:35,854 [WARN] PackLoader:238 - Cannot read IP mode file for RoweBots.I-CUBE-UNISONRTOS.5.5.0-4
2022-09-26 10:53:35,909 [WARN] PackLoader:238 - Cannot read IP mode file for STMicroelectronics.X-CUBE-AZRTOS-H7.2.1.0
2022-09-26 10:53:35,948 [WARN] PackLoader:238 - Cannot read IP mode file for STMicroelectronics.X-CUBE-BLEMGR.1.0.0
2022-09-26 10:53:36,121 [WARN] PackLoader:238 - Cannot read IP mode file for STMicroelectronics.X-CUBE-ALGOBUILD.1.3.0
2022-09-26 10:53:36,168 [WARN] PackLoader:238 - Cannot read IP mode file for STMicroelectronics.X-CUBE-AZRTOS-G0.1.1.0
2022-09-26 10:53:36,205 [WARN] PackLoader:238 - Cannot read IP mode file for STMicroelectronics.X-CUBE-SUBG2.5.0.0
2022-09-26 10:53:36,308 [WARN] PackLoader:238 - Cannot read IP mode file for SEGGER.I-CUBE-embOS.1.2.0
2022-09-26 10:53:36,613 [WARN] PackLoader:238 - Cannot read IP mode file for STMicroelectronics.FP-ATR-ASTRA1.1.1.1
2022-09-26 10:53:36,790 [WARN] PackLoader:238 - Cannot read IP mode file for STMicroelectronics.X-CUBE-AZRTOS-G4.1.0.0
2022-09-26 10:53:36,855 [WARN] PackLoader:238 - Cannot read IP mode file for STMicroelectronics.X-CUBE-AZRTOS-L4.1.0.0
2022-09-26 10:53:37,009 [WARN] PackLoader:238 - Cannot read IP mode file for emotas.I-CUBE-CANOPEN.1.1.2
2022-09-26 10:53:37,032 [WARN] PackLoader:238 - Cannot read IP mode file for STMicroelectronics.X-CUBE-TOUCHGFX.4.20.0
2022-09-26 10:53:37,091 [WARN] PackLoader:238 - Cannot read IP mode file for STMicroelectronics.X-CUBE-AZRTOS-WL.1.0.0
2022-09-26 10:53:37,165 [WARN] PackLoader:238 - Cannot read IP mode file for portGmbH.I-Cube-SoM-uGOAL.1.1.0
2022-09-26 10:53:37,196 [WARN] PackLoader:238 - Cannot read IP mode file for STMicroelectronics.X-CUBE-ALS.1.0.1
2022-09-26 10:53:37,244 [WARN] PackLoader:238 - Cannot read IP mode file for STMicroelectronics.X-CUBE-AZRTOS-L5.1.0.0
2022-09-26 10:53:37,267 [WARN] PackLoader:238 - Cannot read IP mode file for STMicroelectronics.X-CUBE-EEPRMA1.3.1.1
2022-09-26 10:53:37,269 [INFO] ThirdParty:915 - Integrity check success = true
2022-09-26 10:53:37,269 [INFO] IntegrityCheckThread:94 - exiting critical section [integrity check]
2022-09-26 10:53:37,269 [INFO] IntegrityCheckThread:97 - End integrity checks thread
2022-09-26 10:53:37,317 [INFO] DbMcus:175 - Found 1951 MCUs (1903 are supported by CubeMX, 1914 are visible in CubeMX)
2022-09-26 10:53:37,318 [INFO] ApiDb:251 - Load user favorites file C:\Users\HP/.stm32cubeide/favorites.mcus.txt: 0 item(s)
2022-09-26 10:53:37,319 [INFO] ApiDb:255 - User favorites MCUs=[]
2022-09-26 10:53:37,319 [INFO] DbMcus:187 - Set 0 / 0 favorites MCUs
2022-09-26 10:53:38,468 [INFO] DbMcusDocs:79 - Found 682 MCUs documents
2022-09-26 10:53:38,471 [INFO] ApiDb:276 - Save user favorites file C:\Users\HP/.stm32cubeide/favorites.mcus.txt: 0 item(s)
2022-09-26 10:53:38,472 [INFO] ApiDb:280 - User favorites MCUs=[]
2022-09-26 10:53:38,472 [INFO] DbMcusXml:100 - Load MCU database from C:\ST\STM32CubeIDE_1.7.0\STM32CubeIDE\plugins\com.st.stm32cube.common.mx_6.3.0.202107141111\\db\/mcu/families.xml
2022-09-26 10:53:39,826 [INFO] DbMcusJson:93 - JSON generation date=Tue Nov 16 23:17:54 ICT 2021 (1637079474)
2022-09-26 10:53:40,804 [INFO] DbMcus:175 - Found 1951 MCUs (1903 are supported by CubeMX, 1914 are visible in CubeMX)
2022-09-26 10:53:40,804 [INFO] ApiDb:251 - Load user favorites file C:\Users\HP/.stm32cubeide/favorites.mcus.txt: 0 item(s)
2022-09-26 10:53:40,806 [INFO] ApiDb:255 - User favorites MCUs=[]
2022-09-26 10:53:40,806 [INFO] DbMcus:187 - Set 0 / 0 favorites MCUs
2022-09-26 10:53:40,821 [INFO] DbBoardsDocs:143 - JSON generation date=Tue Nov 16 23:17:54 ICT 2021 (1637079474)
2022-09-26 10:53:40,857 [INFO] DbBoardsPdsc:90 - Found 25 items
2022-09-26 10:53:40,873 [INFO] DbBoardsPdsc:90 - Found 9 items
2022-09-26 10:53:40,887 [INFO] DbBoardsPdsc:90 - Found 33 items
2022-09-26 10:53:40,902 [INFO] DbBoardsPdsc:90 - Found 1 items
2022-09-26 10:53:40,927 [INFO] DbBoardsPdsc:90 - Found 48 items
2022-09-26 10:53:40,952 [INFO] DbBoardsPdsc:90 - Found 43 items
2022-09-26 10:53:40,965 [INFO] DbBoardsPdsc:90 - Found 2 items
2022-09-26 10:53:40,978 [INFO] DbBoardsPdsc:90 - Found 5 items
2022-09-26 10:53:40,987 [WARN] DbBoardsPdsc:254 - Board STM32H7B3I-DK: unknown feature type=Audio, name=, username=Audio stereo codec with Headphone Amp (CS42L51-CNZ), n=1
2022-09-26 10:53:40,988 [WARN] DbBoardsPdsc:254 - Board STM32H735G-DK: unknown feature type=Audio, name=, username=Audio stereo codec with Headphone Amp (WM8994ECS/R), n=1
2022-09-26 10:53:40,990 [WARN] DbBoardsPdsc:254 - Board STM32H7B3I-EVAL: unknown feature type=Audio, name=, username=Multi-Channel Audio Codec (CS42L51-CNZ), n=1
2022-09-26 10:53:40,991 [WARN] DbBoardsPdsc:254 - Board STM32H7B3I-EVAL: unknown feature type=Meter, name=, username=Power-metering and Temperature-monitoring with sigma-delta modulators, n=1
2022-09-26 10:53:40,992 [WARN] DbBoardsPdsc:254 - Board STM32H7B3I-EVAL: unknown feature type=Motor, name=, username=Motor Control, n=1
2022-09-26 10:53:40,994 [WARN] DbBoardsPdsc:254 - Board STM32U575I-EV: unknown feature type=joystick, name=, username=4-direction joystick with selection button, n=1
2022-09-26 10:53:41,035 [INFO] DbBoardsJson:86 - JSON generation date=Tue Nov 16 23:17:54 ICT 2021 (1637079474)
2022-09-26 10:53:41,045 [INFO] DbBoards:117 - Found 167 boards (163 are supported by CubeMX)
2022-09-26 10:53:41,048 [INFO] DbBoardsDocs:143 - JSON generation date=Tue Nov 16 23:17:54 ICT 2021 (1637079474)
2022-09-26 10:53:41,052 [INFO] DbBoardsDocs:79 - Found 209 boards documents
2022-09-26 10:53:41,054 [WARN] DbBoards:127 - board B-L475E-IOT01A2 has no document id list !
2022-09-26 10:53:41,056 [WARN] DbBoards:127 - board NUCLEO-H743ZI has no document id list !
2022-09-26 10:53:41,057 [WARN] DbBoards:127 - board NUCLEO-WL55JC2 has no document id list !
2022-09-26 10:53:41,059 [WARN] DbBoards:127 - board P-NUCLEO-WB55-Nucleo has no document id list !
2022-09-26 10:53:41,059 [WARN] DbBoards:127 - board P-NUCLEO-WB55-USBDongle has no document id list !
2022-09-26 10:53:41,059 [WARN] DbBoards:127 - board STEVAL-BFA001V1B has no document id list !
2022-09-26 10:53:41,059 [WARN] DbBoards:127 - board STEVAL-BFA001V2B has no document id list !
2022-09-26 10:53:41,059 [WARN] DbBoards:127 - board STEVAL-IDP005V1 has no document id list !
2022-09-26 10:53:41,060 [WARN] DbBoards:127 - board STEVAL-IDP005V2 has no document id list !
2022-09-26 10:53:41,060 [WARN] DbBoards:127 - board STEVAL-MKSBOX1V1 has no document id list !
2022-09-26 10:53:41,061 [WARN] DbBoards:127 - board STEVAL-STWINKT1 has no document id list !
2022-09-26 10:53:41,061 [WARN] DbBoards:127 - board STEVAL-STWINKT1B has no document id list !
2022-09-26 10:53:41,061 [WARN] DbBoards:127 - board STM32439I-EVAL2 has no document id list !
2022-09-26 10:53:41,061 [WARN] DbBoards:127 - board STM32F401C-DISCO has no document id list !
2022-09-26 10:53:41,062 [WARN] DbBoards:127 - board STM32F769I-DISC1 has no document id list !
2022-09-26 10:53:41,063 [WARN] DbBoards:127 - board STM32G474E-EVAL1 has no document id list !
2022-09-26 10:53:41,063 [WARN] DbBoards:127 - board STM32H743I-EVAL2 has no document id list !
2022-09-26 10:53:41,063 [WARN] DbBoards:127 - board STM32H747I-DISC1 has no document id list !
2022-09-26 10:53:41,064 [WARN] DbBoards:127 - board STM32H753I-EVAL2 has no document id list !
2022-09-26 10:53:41,064 [WARN] DbBoards:127 - board STM32L-DISCOVERY has no document id list !
2022-09-26 10:53:41,352 [ERROR] DbBoards:189 - Image file not found for board B-U585I-IOT02A: C:\ST\STM32CubeIDE_1.7.0\STM32CubeIDE\plugins\com.st.stm32cube.common.mx_6.3.0.202107141111\\db\/plugins/mcufinder/images/boards/B-U585I-IOT02A_small.jpg
2022-09-26 10:53:41,600 [ERROR] DbBoards:189 - Image file not found for board NUCLEO-F413ZH: C:\ST\STM32CubeIDE_1.7.0\STM32CubeIDE\plugins\com.st.stm32cube.common.mx_6.3.0.202107141111\\db\/plugins/mcufinder/images/boards/nucleo-f413zh_small.jpg
2022-09-26 10:53:41,712 [INFO] MainUpdater:2671 - connection check result : 10
2022-09-26 10:53:42,007 [ERROR] DbBoards:189 - Image file not found for board NUCLEO-L552ZE-Q: C:\ST\STM32CubeIDE_1.7.0\STM32CubeIDE\plugins\com.st.stm32cube.common.mx_6.3.0.202107141111\\db\/plugins/mcufinder/images/boards/nucleo_l552ze_q_small.jpg
2022-09-26 10:53:42,008 [ERROR] DbBoards:189 - Image file not found for board NUCLEO-U575ZI-Q: C:\ST\STM32CubeIDE_1.7.0\STM32CubeIDE\plugins\com.st.stm32cube.common.mx_6.3.0.202107141111\\db\/plugins/mcufinder/images/boards/nucleo-u575zi-q_small.jpg
2022-09-26 10:53:42,008 [ERROR] DbBoards:189 - Image file not found for board NUCLEO-WB15CC: C:\ST\STM32CubeIDE_1.7.0\STM32CubeIDE\plugins\com.st.stm32cube.common.mx_6.3.0.202107141111\\db\/plugins/mcufinder/images/boards/nucleo-wb15cc_small.jpg
2022-09-26 10:53:42,008 [ERROR] DbBoards:189 - Image file not found for board NUCLEO-WB55RG: C:\ST\STM32CubeIDE_1.7.0\STM32CubeIDE\plugins\com.st.stm32cube.common.mx_6.3.0.202107141111\\db\/plugins/mcufinder/images/boards/nucleo-wb55rg_small.jpg
2022-09-26 10:53:43,766 [INFO] ApiDb:251 - Load user favorites file C:\Users\HP/.stm32cubeide/favorites.boards.txt: 0 item(s)
2022-09-26 10:53:43,766 [INFO] ApiDb:255 - User favorites Boards=[]
2022-09-26 10:53:43,766 [INFO] DbBoards:206 - Set 0 / 0 favorites Boards
2022-09-26 10:53:43,772 [INFO] DbBoardsDocs:79 - Found 418 boards documents
2022-09-26 10:53:43,772 [INFO] ApiDb:276 - Save user favorites file C:\Users\HP/.stm32cubeide/favorites.boards.txt: 0 item(s)
2022-09-26 10:53:43,773 [INFO] ApiDb:280 - User favorites Boards=[]
2022-09-26 10:53:43,778 [INFO] DbBoardsPdsc:90 - Found 25 items
2022-09-26 10:53:43,780 [INFO] DbBoardsPdsc:90 - Found 9 items
2022-09-26 10:53:43,785 [INFO] DbBoardsPdsc:90 - Found 33 items
2022-09-26 10:53:43,787 [INFO] DbBoardsPdsc:90 - Found 1 items
2022-09-26 10:53:43,812 [INFO] DbBoardsPdsc:90 - Found 48 items
2022-09-26 10:53:43,818 [INFO] DbBoardsPdsc:90 - Found 43 items
2022-09-26 10:53:43,820 [INFO] DbBoardsPdsc:90 - Found 2 items
2022-09-26 10:53:43,821 [INFO] DbBoardsPdsc:90 - Found 5 items
2022-09-26 10:53:43,824 [WARN] DbBoardsPdsc:254 - Board STM32H7B3I-DK: unknown feature type=Audio, name=, username=Audio stereo codec with Headphone Amp (CS42L51-CNZ), n=1
2022-09-26 10:53:43,824 [WARN] DbBoardsPdsc:254 - Board STM32H735G-DK: unknown feature type=Audio, name=, username=Audio stereo codec with Headphone Amp (WM8994ECS/R), n=1
2022-09-26 10:53:43,825 [WARN] DbBoardsPdsc:254 - Board STM32H7B3I-EVAL: unknown feature type=Audio, name=, username=Multi-Channel Audio Codec (CS42L51-CNZ), n=1
2022-09-26 10:53:43,825 [WARN] DbBoardsPdsc:254 - Board STM32H7B3I-EVAL: unknown feature type=Meter, name=, username=Power-metering and Temperature-monitoring with sigma-delta modulators, n=1
2022-09-26 10:53:43,825 [WARN] DbBoardsPdsc:254 - Board STM32H7B3I-EVAL: unknown feature type=Motor, name=, username=Motor Control, n=1
2022-09-26 10:53:43,826 [WARN] DbBoardsPdsc:254 - Board STM32U575I-EV: unknown feature type=joystick, name=, username=4-direction joystick with selection button, n=1
2022-09-26 10:53:43,873 [INFO] DbBoardsJson:86 - JSON generation date=Tue Nov 16 23:17:54 ICT 2021 (1637079474)
2022-09-26 10:53:43,880 [INFO] DbBoards:117 - Found 167 boards (163 are supported by CubeMX)
2022-09-26 10:53:43,880 [WARN] DbBoards:127 - board B-L475E-IOT01A2 has no document id list !
2022-09-26 10:53:43,882 [WARN] DbBoards:127 - board NUCLEO-H743ZI has no document id list !
2022-09-26 10:53:43,882 [WARN] DbBoards:127 - board NUCLEO-WL55JC2 has no document id list !
2022-09-26 10:53:43,882 [WARN] DbBoards:127 - board P-NUCLEO-WB55-Nucleo has no document id list !
2022-09-26 10:53:43,882 [WARN] DbBoards:127 - board P-NUCLEO-WB55-USBDongle has no document id list !
2022-09-26 10:53:43,882 [WARN] DbBoards:127 - board STEVAL-BFA001V1B has no document id list !
2022-09-26 10:53:43,882 [WARN] DbBoards:127 - board STEVAL-BFA001V2B has no document id list !
2022-09-26 10:53:43,882 [WARN] DbBoards:127 - board STEVAL-IDP005V1 has no document id list !
2022-09-26 10:53:43,883 [WARN] DbBoards:127 - board STEVAL-IDP005V2 has no document id list !
2022-09-26 10:53:43,883 [WARN] DbBoards:127 - board STEVAL-MKSBOX1V1 has no document id list !
2022-09-26 10:53:43,883 [WARN] DbBoards:127 - board STEVAL-STWINKT1 has no document id list !
2022-09-26 10:53:43,883 [WARN] DbBoards:127 - board STEVAL-STWINKT1B has no document id list !
2022-09-26 10:53:43,883 [WARN] DbBoards:127 - board STM32439I-EVAL2 has no document id list !
2022-09-26 10:53:43,883 [WARN] DbBoards:127 - board STM32F401C-DISCO has no document id list !
2022-09-26 10:53:43,883 [WARN] DbBoards:127 - board STM32F769I-DISC1 has no document id list !
2022-09-26 10:53:43,883 [WARN] DbBoards:127 - board STM32G474E-EVAL1 has no document id list !
2022-09-26 10:53:43,883 [WARN] DbBoards:127 - board STM32H743I-EVAL2 has no document id list !
2022-09-26 10:53:43,883 [WARN] DbBoards:127 - board STM32H747I-DISC1 has no document id list !
2022-09-26 10:53:43,883 [WARN] DbBoards:127 - board STM32H753I-EVAL2 has no document id list !
2022-09-26 10:53:43,884 [WARN] DbBoards:127 - board STM32L-DISCOVERY has no document id list !
2022-09-26 10:53:43,995 [ERROR] DbBoards:189 - Image file not found for board B-U585I-IOT02A: C:\ST\STM32CubeIDE_1.7.0\STM32CubeIDE\plugins\com.st.stm32cube.common.mx_6.3.0.202107141111\\db\/plugins/mcufinder/images/boards/B-U585I-IOT02A_small.jpg
2022-09-26 10:53:44,122 [ERROR] DbBoards:189 - Image file not found for board NUCLEO-F413ZH: C:\ST\STM32CubeIDE_1.7.0\STM32CubeIDE\plugins\com.st.stm32cube.common.mx_6.3.0.202107141111\\db\/plugins/mcufinder/images/boards/nucleo-f413zh_small.jpg
2022-09-26 10:53:44,473 [ERROR] DbBoards:189 - Image file not found for board NUCLEO-L552ZE-Q: C:\ST\STM32CubeIDE_1.7.0\STM32CubeIDE\plugins\com.st.stm32cube.common.mx_6.3.0.202107141111\\db\/plugins/mcufinder/images/boards/nucleo_l552ze_q_small.jpg
2022-09-26 10:53:44,474 [ERROR] DbBoards:189 - Image file not found for board NUCLEO-U575ZI-Q: C:\ST\STM32CubeIDE_1.7.0\STM32CubeIDE\plugins\com.st.stm32cube.common.mx_6.3.0.202107141111\\db\/plugins/mcufinder/images/boards/nucleo-u575zi-q_small.jpg
2022-09-26 10:53:44,474 [ERROR] DbBoards:189 - Image file not found for board NUCLEO-WB15CC: C:\ST\STM32CubeIDE_1.7.0\STM32CubeIDE\plugins\com.st.stm32cube.common.mx_6.3.0.202107141111\\db\/plugins/mcufinder/images/boards/nucleo-wb15cc_small.jpg
2022-09-26 10:53:44,474 [ERROR] DbBoards:189 - Image file not found for board NUCLEO-WB55RG: C:\ST\STM32CubeIDE_1.7.0\STM32CubeIDE\plugins\com.st.stm32cube.common.mx_6.3.0.202107141111\\db\/plugins/mcufinder/images/boards/nucleo-wb55rg_small.jpg
2022-09-26 10:53:45,560 [INFO] ApiDb:251 - Load user favorites file C:\Users\HP/.stm32cubeide/favorites.boards.txt: 0 item(s)
2022-09-26 10:53:45,561 [INFO] ApiDb:255 - User favorites Boards=[]
2022-09-26 10:53:45,561 [INFO] DbBoards:206 - Set 0 / 0 favorites Boards
2022-09-26 10:53:45,620 [INFO] LoadUrlFilesThread:172 - End of LoadServerUrlFiles without Thread
2022-09-26 10:53:45,620 [INFO] TargetSelectorAdapter:224 - Refresh data is successful
2022-09-26 10:53:46,395 [INFO] ApiDb:479 - Connected to CubeFinder SQLite database (C:\Users\HP\.stmcufinder\plugins\mcufinder\mcu\cube-finder-db.db)
2022-09-26 10:53:47,659 [INFO] DbExamplesSqlite:411 - Ignored 31 examples not supported by CubeIDE
2022-09-26 10:53:47,659 [INFO] DbExamplesSqlite:412 - Found 6197 examples active
2022-09-26 10:53:47,659 [INFO] DbExamplesSqlite:413 - Found 89 examples obsolete
2022-09-26 10:53:47,660 [INFO] DbExamplesSqlite:414 - Found 0 examples under development
2022-09-26 10:53:47,660 [INFO] DbExamplesSqlite:415 - Found 76 examples not building
2022-09-26 10:53:47,685 [INFO] DbExamplesSqlite:108 - CubeFinder database Data Model version=2.1
2022-09-26 10:53:47,685 [INFO] DbExamplesSqlite:109 - CubeFinder database Configuration version=3.0.32
2022-09-26 10:53:47,685 [INFO] DbExamplesSqlite:110 - CubeFinder database generation date=2022-08-05 (1659688109)
2022-09-26 10:53:47,685 [INFO] DbExamplesSqlite:111 - CubeFinder database FW Pack versions=[STM32Cube_FW_C0_V1.0.0, STM32Cube_FW_F4_V1.27.1, STM32Cube_FW_F7_V1.17.0, STM32Cube_FW_G0_V1.6.1, STM32Cube_FW_G4_V1.5.0, STM32Cube_FW_H7_V1.10.0, STM32Cube_FW_L5_V1.4.0, STM32Cube_FW_U5_V1.1.1, STM32Cube_FW_WB_V1.14.1, STM32Cube_FW_WL_V1.2.0, X-CUBE-ALGOBUILD_V1.3.0, X-CUBE-ALS_V1.0.1, X-CUBE-AZRTOS-F4_V1.1.0, X-CUBE-AZRTOS-F7_V1.1.0, X-CUBE-AZRTOS-G0_V1.1.0, X-CUBE-AZRTOS-G4_V1.0.0, X-CUBE-AZRTOS-H7_V2.1.0, X-CUBE-AZRTOS-L4_V1.0.0, X-CUBE-AZRTOS-L5_V1.0.0, X-CUBE-AZRTOS-WL_V1.0.0, X-CUBE-BLE1_V6.2.3, X-CUBE-BLE2_V3.3.0, X-CUBE-EEPRMA1_V3.1.1, X-CUBE-GNSS1_V6.0.0, X-CUBE-MEMS1_V9.1.0, X-CUBE-MEMS1_V9.3.0, X-CUBE-NFC4_V2.0.4, X-CUBE-NFC7_V1.0.0, X-CUBE-SFXS2LP1_V4.0.0, X-CUBE-SUBG2_V5.0.0]
2022-09-26 10:53:47,687 [INFO] DbExamples:130 - Found 6242 examples
2022-09-26 10:53:48,690 [ERROR] DbExamples:206 - Found 6242 examples with invalid data (board or MCU)
2022-09-26 10:53:48,690 [INFO] DbExamples:222 - Found 74 boards with related examples
2022-09-26 10:53:48,691 [INFO] DbExamples:235 - Found 0 MCUs with related examples
2022-09-26 10:53:48,714 [INFO] ApiDb:242 - User favorites file not found: C:\Users\HP/.stm32cubeide/favorites.examples.txt
2022-09-26 10:53:48,714 [INFO] DbExamples:256 - Set 0 / 0 favorites Examples
2022-09-26 10:53:48,969 [INFO] McuFinderGlobals:52 - Set McuFinderConnectedMode to false
2022-09-26 10:53:49,212 [INFO] CrossSelectorPresenter:1330 - Cross Selector saved comparison directory: C:\Users\HP\.stmcufinder\plugins\mcufinder\mcu\cs_comparisons_mx
2022-09-26 10:53:49,226 [INFO] MultiScanPanel:197 - Auto-refresh data requested => check proxy status ongoing
2022-09-26 10:53:49,226 [INFO] MultiScanPanel:201 - Proxy status is invalid
2022-09-26 10:53:49,233 [INFO] FinderPluginLoader:87 - Searching for filters in installed packs
2022-09-26 10:53:50,204 [INFO] DetailPanel:309 - Set advertising image to C:/Users/HP/STM32Cube/Repository/\en.Prom_NBSTM32U50921.jpg
2022-09-26 10:53:51,353 [INFO] McuFinderGlobals:52 - Set McuFinderConnectedMode to false
2022-09-26 10:53:51,379 [INFO] CrossSelectorPresenter:1330 - Cross Selector saved comparison directory: C:\Users\HP\.stmcufinder\plugins\mcufinder\mcu\cs_comparisons_mx
2022-09-26 10:53:51,381 [INFO] MultiScanPanel:197 - Auto-refresh data requested => check proxy status ongoing
2022-09-26 10:53:51,381 [INFO] MultiScanPanel:201 - Proxy status is invalid
2022-09-26 10:53:51,381 [INFO] FinderPluginLoader:87 - Searching for filters in installed packs
2022-09-26 10:53:51,931 [INFO] DetailPanel:309 - Set advertising image to C:/Users/HP/STM32Cube/Repository/\en.Prom_NBSTM32U50921.jpg
2022-09-26 10:54:22,943 [INFO] MainUpdater:2671 - connection check result : 10
2022-09-26 10:54:22,945 [INFO] MainUpdater:2671 - connection check result : 10
2022-09-26 10:54:23,044 [INFO] MicroXplorer:448 - Change Database Path : 
2022-09-26 10:54:23,046 [INFO] MicroXplorer:478 - Change Database Version : DB.6.0.30
2022-09-26 10:54:23,046 [WARN] ThirdParty:813 - waiting for thirdparty lock release [close project]
2022-09-26 10:54:23,046 [INFO] ThirdParty:815 - entering critical section [close project]
2022-09-26 10:54:23,049 [INFO] ThirdParty:825 - exiting critical section [close project]
2022-09-26 10:54:23,059 [INFO] PinOutPanel:1463 - setPackage(No Configuration,No Configuration)
2022-09-26 10:54:23,061 [INFO] UtilMem:74 - Begin LoadConfig() Used Memory: 546734536 Bytes (661651456)
2022-09-26 10:54:23,064 [INFO] MicroXplorer:448 - Change Database Path : 
2022-09-26 10:54:23,064 [INFO] MicroXplorer:478 - Change Database Version : DB.6.0.30
2022-09-26 10:54:23,064 [INFO] OpenFileManager:313 - Change cursor
2022-09-26 10:54:24,760 [INFO] Context:592 - Trying to add GPIOservice into a context  which must be forbidden
2022-09-26 10:54:25,237 [INFO] ImportTextPane:167 - (OptionalMessage_ERROR) Unable to find key (Mcu.ThirdPartyNb) in loaded IOC file
2022-09-26 10:54:25,237 [INFO] ImportTextPane:167 - (OptionalMessage_ERROR) Unable to find key (Mcu.PinsNb) in loaded IOC file
2022-09-26 10:54:25,237 [INFO] ImportTextPane:167 - (OptionalMessage_ERROR) Unable to find key (Mcu.IPNb) in loaded IOC file
2022-09-26 10:54:25,334 [WARN] ApiManager:304 - Cannot register API 'Board Extension:GNSS1A1' from pack STMicroelectronics.X-CUBE-GNSS1.6.0.0: no header file found
2022-09-26 10:54:25,336 [WARN] ApiManager:304 - Cannot register API 'Board Support:Custom' from pack STMicroelectronics.X-CUBE-GNSS1.6.0.0: no header file found
2022-09-26 10:54:25,336 [WARN] ApiManager:304 - Cannot register API 'Data Exchange:lib_gnss' from pack STMicroelectronics.X-CUBE-GNSS1.6.0.0: no header file found
2022-09-26 10:54:25,358 [WARN] ModelIntegratedComponent:60 - No mode defined for component null
2022-09-26 10:54:25,359 [WARN] ModelIntegratedComponent:60 - No mode defined for component null
2022-09-26 10:54:25,359 [WARN] ModelIntegratedComponent:60 - No mode defined for component null
2022-09-26 10:54:25,359 [WARN] ModelIntegratedComponent:60 - No mode defined for component null
2022-09-26 10:54:25,360 [WARN] ModelIntegratedComponent:60 - No mode defined for component null
2022-09-26 10:54:25,360 [WARN] ModelIntegratedComponent:60 - No mode defined for component null
2022-09-26 10:54:25,360 [WARN] ModelIntegratedComponent:60 - No mode defined for component null
2022-09-26 10:54:25,360 [WARN] ModelIntegratedComponent:60 - No mode defined for component null
2022-09-26 10:54:25,360 [WARN] ModelIntegratedComponent:60 - No mode defined for component null
2022-09-26 10:54:25,360 [WARN] ModelIntegratedComponent:60 - No mode defined for component null
2022-09-26 10:54:25,360 [WARN] ModelIntegratedComponent:60 - No mode defined for component null
2022-09-26 10:54:25,361 [WARN] ModelIntegratedComponent:60 - No mode defined for component null
2022-09-26 10:54:25,361 [WARN] ModelIntegratedComponent:60 - No mode defined for component null
2022-09-26 10:54:25,361 [WARN] ModelIntegratedComponent:60 - No mode defined for component null
2022-09-26 10:54:25,361 [WARN] ModelIntegratedComponent:60 - No mode defined for component null
2022-09-26 10:54:25,361 [WARN] ModelIntegratedComponent:60 - No mode defined for component null
2022-09-26 10:54:25,361 [WARN] ModelIntegratedComponent:60 - No mode defined for component null
2022-09-26 10:54:25,361 [WARN] ModelIntegratedComponent:60 - No mode defined for component null
2022-09-26 10:54:25,361 [WARN] ModelIntegratedComponent:60 - No mode defined for component null
2022-09-26 10:54:25,362 [WARN] ModelIntegratedComponent:60 - No mode defined for component null
2022-09-26 10:54:25,362 [WARN] ModelIntegratedComponent:60 - No mode defined for component null
2022-09-26 10:54:25,362 [WARN] ModelIntegratedComponent:60 - No mode defined for component null
2022-09-26 10:54:25,362 [WARN] ModelIntegratedComponent:60 - No mode defined for component null
2022-09-26 10:54:25,362 [WARN] ModelIntegratedComponent:60 - No mode defined for component null
2022-09-26 10:54:25,362 [WARN] ModelIntegratedComponent:60 - No mode defined for component null
2022-09-26 10:54:25,362 [WARN] ModelIntegratedComponent:60 - No mode defined for component null
2022-09-26 10:54:25,363 [WARN] ModelIntegratedComponent:60 - No mode defined for component null
2022-09-26 10:54:25,363 [WARN] ModelIntegratedComponent:60 - No mode defined for component null
2022-09-26 10:54:25,363 [WARN] ModelIntegratedComponent:60 - No mode defined for component null
2022-09-26 10:54:25,363 [WARN] ModelIntegratedComponent:60 - No mode defined for component null
2022-09-26 10:54:25,363 [WARN] ModelIntegratedComponent:60 - No mode defined for component null
2022-09-26 10:54:25,365 [WARN] ApiManager:304 - Cannot register API 'Board Extension:NFC07A1' from pack STMicroelectronics.X-CUBE-NFC7.1.0.0: no header file found
2022-09-26 10:54:25,555 [WARN] ApiManager:304 - Cannot register API 'Board Extension:IKS01A3' from pack STMicroelectronics.X-CUBE-MEMS1.9.3.0: no header file found
2022-09-26 10:54:25,555 [WARN] ApiManager:304 - Cannot register API 'Board Extension:IKS01A2' from pack STMicroelectronics.X-CUBE-MEMS1.9.3.0: no header file found
2022-09-26 10:54:25,555 [WARN] ApiManager:304 - Cannot register API 'Board Extension:IKS02A1' from pack STMicroelectronics.X-CUBE-MEMS1.9.3.0: no header file found
2022-09-26 10:54:25,568 [WARN] ApiManager:304 - Cannot register API 'Wireless:BlueNRG-MS' from pack STMicroelectronics.X-CUBE-BLE1.6.2.3: no header file found
2022-09-26 10:54:25,572 [INFO] RtosManager:484 - Registered RTOS mode: class=CMSIS, group=RTOS, mode=CMSIS_V1, owner=FREERTOS
2022-09-26 10:54:25,572 [INFO] RtosManager:484 - Registered RTOS mode: class=CMSIS, group=RTOS2, mode=CMSIS_V2, owner=FREERTOS
2022-09-26 10:54:25,573 [INFO] RtosManager:484 - Registered RTOS mode: class=RTOS, group=Core, mode=CMSIS_V1, owner=FREERTOS
2022-09-26 10:54:25,573 [INFO] RtosManager:484 - Registered RTOS mode: class=RTOS, group=Core, mode=CMSIS_V2, owner=FREERTOS
2022-09-26 10:54:25,573 [WARN] ModelIntegratedComponent:181 - Missing modes for component STMicroelectronics:FreeRTOS:0.0.1:STMicroelectronics:RTOS:FreeRTOS:Core:::10.2.0:
2022-09-26 10:54:25,577 [WARN] ApiManager:304 - Cannot register API 'Board Extension:S2868A1' from pack STMicroelectronics.X-CUBE-SUBG2.5.0.0: no header file found
2022-09-26 10:54:25,578 [WARN] ApiManager:304 - Cannot register API 'Board Extension:S2868A2' from pack STMicroelectronics.X-CUBE-SUBG2.5.0.0: no header file found
2022-09-26 10:54:25,578 [WARN] ApiManager:304 - Cannot register API 'Board Extension:S2915A1' from pack STMicroelectronics.X-CUBE-SUBG2.5.0.0: no header file found
2022-09-26 10:54:25,583 [WARN] ApiManager:304 - Cannot register API 'Board Extension:EEPRMA1' from pack STMicroelectronics.X-CUBE-EEPRMA1.3.1.1: no header file found
2022-09-26 10:54:25,584 [WARN] ApiManager:304 - Cannot register API 'Board Extension:EEPRMA2' from pack STMicroelectronics.X-CUBE-EEPRMA1.3.1.1: no header file found
2022-09-26 10:54:25,586 [WARN] ApiManager:304 - Cannot register API 'Board Extension:S2868A1' from pack STMicroelectronics.X-CUBE-SFXS2LP1.4.0.0: no header file found
2022-09-26 10:54:25,586 [WARN] ApiManager:304 - Cannot register API 'Board Extension:S2868A2' from pack STMicroelectronics.X-CUBE-SFXS2LP1.4.0.0: no header file found
2022-09-26 10:54:25,586 [WARN] ApiManager:304 - Cannot register API 'Board Extension:S2915A1' from pack STMicroelectronics.X-CUBE-SFXS2LP1.4.0.0: no header file found
2022-09-26 10:54:25,587 [WARN] ApiManager:304 - Cannot register API 'Wireless:BlueNRG-2' from pack STMicroelectronics.X-CUBE-BLE2.3.3.0: no header file found
2022-09-26 10:54:25,588 [WARN] ApiManager:304 - Cannot register API 'Board Extension:NFC04A1' from pack STMicroelectronics.X-CUBE-NFC4.2.0.4: no header file found
2022-09-26 10:54:27,593 [INFO] UtilMem:74 - End LoadConfig() Used Memory: 545233856 Bytes (732954624)
2022-09-26 10:54:27,607 [WARN] ThirdParty:779 - waiting for thirdparty lock release [change project]
2022-09-26 10:54:27,608 [INFO] ThirdParty:781 - entering critical section [change project]
2022-09-26 10:54:27,608 [INFO] ThirdParty:967 - CMSIS Pack Vendor :RoweBots I-CUBE-UNISONRTOS 5.5.0-4
2022-09-26 10:54:27,608 [INFO] ThirdParty:967 - CMSIS Pack Vendor :STMicroelectronics X-CUBE-GNSS1 6.0.0
2022-09-26 10:54:27,608 [INFO] ThirdParty:967 - CMSIS Pack Vendor :STMicroelectronics X-CUBE-AZRTOS-H7 2.1.0
2022-09-26 10:54:27,608 [INFO] ThirdParty:967 - CMSIS Pack Vendor :STMicroelectronics USB_HOST 2.0.0
2022-09-26 10:54:27,608 [INFO] ThirdParty:967 - CMSIS Pack Vendor :STMicroelectronics X-CUBE-AZRTOS-F4 1.1.0
2022-09-26 10:54:27,608 [INFO] ThirdParty:967 - CMSIS Pack Vendor :STMicroelectronics X-CUBE-AZRTOS-G4 1.0.0
2022-09-26 10:54:27,608 [INFO] ThirdParty:967 - CMSIS Pack Vendor :STMicroelectronics X-CUBE-AZRTOS-L4 1.0.0
2022-09-26 10:54:27,608 [INFO] ThirdParty:967 - CMSIS Pack Vendor :STMicroelectronics USB_DEVICE 3.0.0
2022-09-26 10:54:27,608 [INFO] ThirdParty:967 - CMSIS Pack Vendor :wolfSSL I-CUBE-wolfSSL 5.5.0
2022-09-26 10:54:27,609 [INFO] ThirdParty:967 - CMSIS Pack Vendor :STMicroelectronics HAL Drivers 0.0.0
2022-09-26 10:54:27,609 [INFO] ThirdParty:967 - CMSIS Pack Vendor :STMicroelectronics MBEDTLS 2.16.2
2022-09-26 10:54:27,609 [INFO] ThirdParty:967 - CMSIS Pack Vendor :emotas I-CUBE-CANOPEN 1.1.2
2022-09-26 10:54:27,609 [INFO] ThirdParty:967 - CMSIS Pack Vendor :STMicroelectronics X-CUBE-TOUCHGFX 4.20.0
2022-09-26 10:54:27,609 [INFO] ThirdParty:967 - CMSIS Pack Vendor :STMicroelectronics MBEDTLS 2.14.1
2022-09-26 10:54:27,609 [INFO] ThirdParty:967 - CMSIS Pack Vendor :STMicroelectronics X-CUBE-NFC7 1.0.0
2022-09-26 10:54:27,609 [INFO] ThirdParty:967 - CMSIS Pack Vendor :STMicroelectronics X-CUBE-BLEMGR 1.0.0
2022-09-26 10:54:27,609 [INFO] ThirdParty:967 - CMSIS Pack Vendor :STMicroelectronics X-CUBE-AZRTOS-WL 1.0.0
2022-09-26 10:54:27,609 [INFO] ThirdParty:967 - CMSIS Pack Vendor :STMicroelectronics X-CUBE-AZRTOS-F7 1.1.0
2022-09-26 10:54:27,609 [INFO] ThirdParty:967 - CMSIS Pack Vendor :STMicroelectronics X-CUBE-MEMS1 9.3.0
2022-09-26 10:54:27,609 [INFO] ThirdParty:967 - CMSIS Pack Vendor :portGmbH I-Cube-SoM-uGOAL 1.1.0
2022-09-26 10:54:27,609 [INFO] ThirdParty:967 - CMSIS Pack Vendor :STMicroelectronics X-CUBE-ALS 1.0.1
2022-09-26 10:54:27,609 [INFO] ThirdParty:967 - CMSIS Pack Vendor :STMicroelectronics USB_DEVICE 2.0.0
2022-09-26 10:54:27,610 [INFO] ThirdParty:967 - CMSIS Pack Vendor :STMicroelectronics X-CUBE-AI 7.2.0
2022-09-26 10:54:27,610 [INFO] ThirdParty:967 - CMSIS Pack Vendor :STMicroelectronics X-CUBE-BLE1 6.2.3
2022-09-26 10:54:27,610 [INFO] ThirdParty:967 - CMSIS Pack Vendor :STMicroelectronics X-CUBE-ALGOBUILD 1.3.0
2022-09-26 10:54:27,610 [INFO] ThirdParty:967 - CMSIS Pack Vendor :STMicroelectronics X-CUBE-AZRTOS-L5 1.0.0
2022-09-26 10:54:27,610 [INFO] ThirdParty:967 - CMSIS Pack Vendor :STMicroelectronics FreeRTOS 0.0.1
2022-09-26 10:54:27,610 [INFO] ThirdParty:967 - CMSIS Pack Vendor :STMicroelectronics X-CUBE-AZRTOS-G0 1.1.0
2022-09-26 10:54:27,610 [INFO] ThirdParty:967 - CMSIS Pack Vendor :STMicroelectronics USB_DEVICE 1.0.0
2022-09-26 10:54:27,610 [INFO] ThirdParty:967 - CMSIS Pack Vendor :STMicroelectronics X-CUBE-SUBG2 5.0.0
2022-09-26 10:54:27,610 [INFO] ThirdParty:967 - CMSIS Pack Vendor :SEGGER I-CUBE-embOS 1.2.0
2022-09-26 10:54:27,610 [INFO] ThirdParty:967 - CMSIS Pack Vendor :STMicroelectronics X-CUBE-EEPRMA1 3.1.1
2022-09-26 10:54:27,610 [INFO] ThirdParty:967 - CMSIS Pack Vendor :STMicroelectronics ThreadX 0.0.2
2022-09-26 10:54:27,610 [INFO] ThirdParty:967 - CMSIS Pack Vendor :STMicroelectronics lwIP 2.0.3
2022-09-26 10:54:27,610 [INFO] ThirdParty:967 - CMSIS Pack Vendor :STMicroelectronics lwIP 2.1.2
2022-09-26 10:54:27,611 [INFO] ThirdParty:967 - CMSIS Pack Vendor :STMicroelectronics X-CUBE-SFXS2LP1 4.0.0
2022-09-26 10:54:27,611 [INFO] ThirdParty:967 - CMSIS Pack Vendor :STMicroelectronics X-CUBE-BLE2 3.3.0
2022-09-26 10:54:27,611 [INFO] ThirdParty:967 - CMSIS Pack Vendor :STMicroelectronics X-CUBE-NFC4 2.0.4
2022-09-26 10:54:27,611 [INFO] ThirdParty:967 - CMSIS Pack Vendor :STMicroelectronics USB_HOST 1.0.0
2022-09-26 10:54:27,611 [INFO] ThirdParty:967 - CMSIS Pack Vendor :STMicroelectronics X-CUBE-DISPLAY 2.2.0
2022-09-26 10:54:27,611 [INFO] ThirdParty:967 - CMSIS Pack Vendor :STMicroelectronics PDM2PCM 3.1.0
2022-09-26 10:54:27,611 [INFO] ThirdParty:967 - CMSIS Pack Vendor :STMicroelectronics FP-ATR-ASTRA1 1.1.1
2022-09-26 10:54:27,611 [INFO] ThirdParty:967 - CMSIS Pack Vendor :STMicroelectronics PDM2PCM 3.2.0
2022-09-26 10:54:27,611 [INFO] ThirdParty:967 - CMSIS Pack Vendor :STMicroelectronics PDM2PCM 3.3.0
2022-09-26 10:54:27,611 [INFO] ThirdParty:967 - CMSIS Pack Vendor :STMicroelectronics X-CUBE-TOF1 3.1.0
2022-09-26 10:54:27,611 [INFO] ThirdParty:967 - CMSIS Pack Vendor :STMicroelectronics X-CUBE-ISPU 1.0.0
2022-09-26 10:54:27,612 [INFO] ThirdParty:787 - exiting critical section [change project]
2022-09-26 10:54:28,000 [INFO] PinOutPanel:1463 - setPackage(No Configuration,No Configuration)
2022-09-26 10:54:28,002 [INFO] PinOutPanel:1463 - setPackage(STM32F103C6Ux,UFQFPN48)
2022-09-26 10:54:28,642 [INFO] UtilMem:74 - Before build in PCC Used Memory: 559339960 Bytes (732954624)
2022-09-26 10:54:29,669 [INFO] UtilMem:74 - After build in PCC Used Memory: 553759320 Bytes (732954624)
2022-09-26 10:54:29,708 [INFO] IPUIPlugin:74 - create IPUIPlugin
2022-09-26 10:54:29,708 [INFO] IPUIPlugin:74 - create IPUIPlugin
2022-09-26 10:54:29,709 [INFO] IPUIPlugin:74 - create IPUIPlugin
2022-09-26 10:54:29,709 [INFO] IPUIPlugin:74 - create IPUIPlugin
2022-09-26 10:54:29,709 [INFO] IPUIPlugin:74 - create IPUIPlugin
2022-09-26 10:54:29,710 [INFO] IPUIPlugin:74 - create IPUIPlugin
2022-09-26 10:54:29,710 [INFO] IPUIPlugin:74 - create IPUIPlugin
2022-09-26 10:54:29,710 [INFO] IPUIPlugin:74 - create IPUIPlugin
2022-09-26 10:54:29,711 [INFO] IPUIPlugin:74 - create IPUIPlugin
2022-09-26 10:54:29,711 [INFO] IPUIPlugin:74 - create IPUIPlugin
2022-09-26 10:54:29,712 [INFO] IPUIPlugin:74 - create IPUIPlugin
2022-09-26 10:54:29,712 [INFO] IPUIPlugin:74 - create IPUIPlugin
2022-09-26 10:54:29,713 [INFO] IPUIPlugin:74 - create IPUIPlugin
2022-09-26 10:54:29,713 [INFO] IPUIPlugin:74 - create IPUIPlugin
2022-09-26 10:54:29,714 [INFO] IPUIPlugin:74 - create IPUIPlugin
2022-09-26 10:54:29,714 [INFO] IPUIPlugin:74 - create IPUIPlugin
2022-09-26 10:54:29,716 [INFO] IPUIPlugin:74 - create IPUIPlugin
2022-09-26 10:54:29,716 [INFO] IPUIPlugin:74 - create IPUIPlugin
2022-09-26 10:54:29,717 [INFO] IPUIPlugin:74 - create IPUIPlugin
2022-09-26 10:54:29,718 [INFO] IPUIPlugin:74 - create IPUIPlugin
2022-09-26 10:54:29,718 [INFO] IPUIPlugin:74 - create IPUIPlugin
2022-09-26 10:54:29,719 [INFO] IPUIPlugin:74 - create IPUIPlugin
2022-09-26 10:54:29,720 [INFO] IPUIPlugin:74 - create IPUIPlugin
2022-09-26 10:54:29,909 [INFO] OpenFileManager:333 - Restore cursor
2022-09-26 10:54:30,326 [INFO] UtilMem:74 - End SaveConfig() Used Memory: 633080544 Bytes (732954624)
2022-09-26 10:54:30,549 [INFO] UtilMem:74 - End SaveConfig() Used Memory: 577409000 Bytes (732954624)
2022-09-26 10:54:31,107 [INFO] BlockDiagram:2740 - set Specific Code input for plugin: NVIC
2022-09-26 10:54:31,107 [INFO] BlockDiagram:2740 - set Specific Code input for plugin: SYS
2022-09-26 10:54:31,107 [INFO] BlockDiagram:2740 - set Specific Code input for plugin: RCC
2022-09-26 10:54:31,109 [INFO] CodeGenerator:663 - code generatio: config db path: C:\ST\STM32CubeIDE_1.7.0\STM32CubeIDE\plugins\com.st.stm32cube.common.mx_6.3.0.202107141111\\db\
2022-09-26 10:54:31,842 [INFO] CodeEngine:239 - oldGeneratedFile, D:\VXLLab1\Lab\MXTmpFiles\license.tmp_save
2022-09-26 10:54:32,436 [INFO] CodeEngine:257 - Generated code: D:\VXLLab1\Lab\MXTmpFiles\license.tmp
2022-09-26 10:54:32,662 [INFO] CodeEngine:239 - oldGeneratedFile, D:\VXLLab1\Lab\Core\Src\stm32f1xx_it.c_save
2022-09-26 10:54:32,868 [INFO] CodeEngine:257 - Generated code: D:\VXLLab1\Lab\Core\Src\stm32f1xx_it.c
2022-09-26 10:54:32,885 [INFO] CodeEngine:239 - oldGeneratedFile, D:\VXLLab1\Lab\Core\Inc\stm32f1xx_it.h_save
2022-09-26 10:54:33,004 [INFO] CodeEngine:257 - Generated code: D:\VXLLab1\Lab\Core\Inc\stm32f1xx_it.h
2022-09-26 10:54:33,060 [INFO] CodeEngine:239 - oldGeneratedFile, D:\VXLLab1\Lab\Core\Src\stm32f1xx_hal_msp.c_save
2022-09-26 10:54:33,248 [INFO] CodeEngine:257 - Generated code: D:\VXLLab1\Lab\Core\Src\stm32f1xx_hal_msp.c
2022-09-26 10:54:33,262 [INFO] CodeEngine:239 - oldGeneratedFile, D:\VXLLab1\Lab\MXTmpFiles\system.tmp_save
2022-09-26 10:54:33,400 [INFO] CodeEngine:257 - Generated code: D:\VXLLab1\Lab\MXTmpFiles\system.tmp
2022-09-26 10:54:33,422 [INFO] CodeEngine:239 - oldGeneratedFile, D:\VXLLab1\Lab\Core\Inc\stm32f1xx_hal_conf.h_save
2022-09-26 10:54:33,585 [INFO] CodeEngine:257 - Generated code: D:\VXLLab1\Lab\Core\Inc\stm32f1xx_hal_conf.h
2022-09-26 10:54:33,686 [INFO] CodeEngine:239 - oldGeneratedFile, D:\VXLLab1\Lab\Core\Inc\main.h_save
2022-09-26 10:54:33,848 [INFO] CodeEngine:257 - Generated code: D:\VXLLab1\Lab\Core\Inc\main.h
2022-09-26 10:54:33,864 [INFO] CodeEngine:239 - oldGeneratedFile, D:\VXLLab1\Lab\Core\Src\main.c_save
2022-09-26 10:54:34,036 [INFO] CodeEngine:257 - Generated code: D:\VXLLab1\Lab\Core\Src\main.c
2022-09-26 10:54:35,634 [INFO] ProjectBuilder:2578 - Time for Copy HAL[1] : 443mS.
2022-09-26 10:54:35,645 [INFO] ProjectBuilder:3622 - Project Generator version: 3.14.1
2022-09-26 10:54:36,380 [INFO] ConfigFileManager:1271 - The Die is : DIE412
2022-09-26 10:54:36,403 [INFO] ApiDbMcu:468 - Load IP Config File for FATFS
2022-09-26 10:54:36,444 [INFO] ApiDbMcu:468 - Load IP Config File for FREERTOS
2022-09-26 10:54:36,554 [INFO] ApiDbMcu:468 - Load IP Config File for USB_DEVICE
2022-09-26 10:54:48,182 [INFO] ProjectBuilder:3789 - Time for Generating toolchain IDE Files: 12537mS.
2022-09-26 10:54:48,183 [INFO] ProjectBuilder:2457 - Time for Copy CMSIS : 1mS.
2022-09-26 10:54:48,185 [INFO] ProjectBuilder:2457 - Time for Copy CMSIS : 0mS.
2022-09-26 10:54:49,298 [INFO] McuFinderGlobals:52 - Set McuFinderConnectedMode to true
2022-09-26 10:54:49,303 [INFO] ApiDb:276 - Save user favorites file C:\Users\HP/.stm32cubeide/favorites.mcus.txt: 0 item(s)
2022-09-26 10:54:49,303 [INFO] ApiDb:280 - User favorites MCUs=[]
2022-09-26 10:55:20,864 [INFO] UtilMem:74 - End SaveConfig() Used Memory: 739174408 Bytes (1012924416)
2022-09-26 10:55:22,493 [INFO] UtilMem:74 - End SaveConfig() Used Memory: 755951624 Bytes (1012924416)
2022-09-26 10:55:26,077 [INFO] UtilMem:74 - End SaveConfig() Used Memory: 747912208 Bytes (1012924416)
2022-09-26 10:55:26,620 [INFO] BlockDiagram:2740 - set Specific Code input for plugin: NVIC
2022-09-26 10:55:26,621 [INFO] BlockDiagram:2740 - set Specific Code input for plugin: SYS
2022-09-26 10:55:26,622 [INFO] BlockDiagram:2740 - set Specific Code input for plugin: GPIO
2022-09-26 10:55:26,622 [INFO] BlockDiagram:2740 - set Specific Code input for plugin: RCC
2022-09-26 10:55:26,623 [INFO] CodeGenerator:663 - code generatio: config db path: C:\ST\STM32CubeIDE_1.7.0\STM32CubeIDE\plugins\com.st.stm32cube.common.mx_6.3.0.202107141111\\db\
2022-09-26 10:55:27,172 [INFO] CodeEngine:239 - oldGeneratedFile, D:\VXLLab1\Lab\MXTmpFiles\license.tmp_save
2022-09-26 10:55:27,427 [INFO] CodeEngine:257 - Generated code: D:\VXLLab1\Lab\MXTmpFiles\license.tmp
2022-09-26 10:55:27,552 [INFO] CodeEngine:239 - oldGeneratedFile, D:\VXLLab1\Lab\MXTmpFiles\gpio.tmp_save
2022-09-26 10:55:27,664 [INFO] CodeEngine:257 - Generated code: D:\VXLLab1\Lab\MXTmpFiles\gpio.tmp
2022-09-26 10:55:27,706 [INFO] CodeEngine:239 - oldGeneratedFile, D:\VXLLab1\Lab\Core\Src\stm32f1xx_it.c_save
2022-09-26 10:55:27,918 [INFO] CodeEngine:257 - Generated code: D:\VXLLab1\Lab\Core\Src\stm32f1xx_it.c
2022-09-26 10:55:27,927 [INFO] CodeEngine:239 - oldGeneratedFile, D:\VXLLab1\Lab\Core\Inc\stm32f1xx_it.h_save
2022-09-26 10:55:28,042 [INFO] CodeEngine:257 - Generated code: D:\VXLLab1\Lab\Core\Inc\stm32f1xx_it.h
2022-09-26 10:55:28,080 [INFO] CodeEngine:239 - oldGeneratedFile, D:\VXLLab1\Lab\Core\Src\stm32f1xx_hal_msp.c_save
2022-09-26 10:55:28,246 [INFO] CodeEngine:257 - Generated code: D:\VXLLab1\Lab\Core\Src\stm32f1xx_hal_msp.c
2022-09-26 10:55:28,251 [INFO] CodeEngine:239 - oldGeneratedFile, D:\VXLLab1\Lab\MXTmpFiles\system.tmp_save
2022-09-26 10:55:28,384 [INFO] CodeEngine:257 - Generated code: D:\VXLLab1\Lab\MXTmpFiles\system.tmp
2022-09-26 10:55:28,406 [INFO] CodeEngine:239 - oldGeneratedFile, D:\VXLLab1\Lab\Core\Inc\stm32f1xx_hal_conf.h_save
2022-09-26 10:55:28,567 [INFO] CodeEngine:257 - Generated code: D:\VXLLab1\Lab\Core\Inc\stm32f1xx_hal_conf.h
2022-09-26 10:55:28,621 [INFO] CodeEngine:239 - oldGeneratedFile, D:\VXLLab1\Lab\Core\Inc\main.h_save
2022-09-26 10:55:28,770 [INFO] CodeEngine:257 - Generated code: D:\VXLLab1\Lab\Core\Inc\main.h
2022-09-26 10:55:28,791 [INFO] CodeEngine:239 - oldGeneratedFile, D:\VXLLab1\Lab\Core\Src\main.c_save
2022-09-26 10:55:29,017 [INFO] CodeEngine:257 - Generated code: D:\VXLLab1\Lab\Core\Src\main.c
2022-09-26 10:55:30,561 [INFO] ProjectBuilder:2578 - Time for Copy HAL[1] : 294mS.
2022-09-26 10:55:30,565 [INFO] ProjectBuilder:3622 - Project Generator version: 3.14.1
2022-09-26 10:55:31,259 [INFO] ConfigFileManager:1271 - The Die is : DIE412
2022-09-26 10:55:36,662 [INFO] ProjectBuilder:3789 - Time for Generating toolchain IDE Files: 6097mS.
2022-09-26 10:55:36,664 [INFO] ProjectBuilder:2457 - Time for Copy CMSIS : 2mS.
2022-09-26 10:55:36,664 [INFO] ProjectBuilder:2457 - Time for Copy CMSIS : 0mS.
